<?xml version="1.0" encoding="UTF-8"?>
<testsuite xmlns:xsi="http://www.w3.org/2001/XMLSchema-instance" xsi:noNamespaceSchemaLocation="https://maven.apache.org/surefire/maven-surefire-plugin/xsd/surefire-test-report-3.0.xsd" version="3.0" name="com.e2e.OpenContactsOrClientTest" time="66.28" tests="6" errors="0" skipped="0" failures="0">
  <properties>
[...]
</properties>
  <testcase name="createContactAndClient" classname="com.e2e.OpenContactsOrClientTest" time="13.286">
    <system-out><![CDATA[2025-03-20T11:54:31.041943Z main INFO Starting configuration XmlConfiguration[location=C:\Project1\TEST1\target\classes\log4j2.xml, lastModified=2025-02-25T13:07:51.582Z]...
2025-03-20T11:54:31.046945600Z main INFO Start watching for changes to C:\Project1\TEST1\target\classes\log4j2.xml every 0 seconds
2025-03-20T11:54:31.046945600Z main INFO Configuration XmlConfiguration[location=C:\Project1\TEST1\target\classes\log4j2.xml, lastModified=2025-02-25T13:07:51.582Z] started.
2025-03-20T11:54:31.051946300Z main INFO Stopping configuration org.apache.logging.log4j.core.config.DefaultConfiguration@352c308...
2025-03-20T11:54:31.051946300Z main INFO Configuration org.apache.logging.log4j.core.config.DefaultConfiguration@352c308 stopped.
14:54:32 [main] INFO  com.e2e.OpenContactsOrClientTest - Инициализация драйвера и открытие браузера
14:54:37 [main] INFO  com.e2e.OpenContactsOrClientTest - Перешли в окно ввода логина пароля
14:54:37 [main] INFO  com.e2e.OpenContactsOrClientTest - Создание нового контакта и клиента
14:54:40 [main] INFO  com.e2e.OpenContactsOrClientTest - Вход выполнен
Начинаем Contacts/ContactsOrderOpen
Перешли в фрейм.
Клик по кнопке создания контакта выполнен.
ласт вышел с фрейма, проверка
ласт вышел с фрейма, проверка
14:54:44 [main] INFO  com.e2e.OpenContactsOrClientTest - Открылась страница с контактами
Генерированное имя клиента: ILyztWXSCI
Перешли в фрейм.
Начала OpenContactsPage/OpenContacts
Нашли поле Название контакта
Заполнили наименование клиента: ILyztWXSCI
Нашли поле Название контакта
Нашли поле Дополнительно
Нашли поле Дополнительно
Ищем запись: '000001'
Нашли запись: 000001
Кликнули по записи: 000001
Нажата кнопка 'Нет'.
ласт вышел с фрейма, проверка
14:54:50 [main] INFO  com.e2e.OpenContactsOrClientTest - Контакт создан: ILyztWXSCI
]]></system-out>
    <system-err><![CDATA[мар. 20, 2025 2:54:35 PM org.openqa.selenium.devtools.CdpVersionFinder findNearestMatch
WARNING: Unable to find an exact match for CDP version 134, returning the closest version; found: 133; Please update to a Selenium version that supports CDP version 134
]]></system-err>
  </testcase>
  <testcase name="fillClientFormAndAuthorize" classname="com.e2e.OpenContactsOrClientTest" time="12.267">
    <system-out><![CDATA[14:54:50 [main] INFO  com.e2e.OpenContactsOrClientTest - Заполнение карточки клиента и авторизация
Начинаем AllClients/ClientsOpen
Перешли в фрейм.
Текст найденного элемента: 
Поиск
Отображается ли элемент: true
Активен ли элемент: true
Клик по кнопке фильтр для поиска клиента выполнен.
Карточка найдена
Клик выполнен
ласт вышел с фрейма, проверка
14:54:53 [main] INFO  com.e2e.OpenContactsOrClientTest - Карточка клиента открыта
Сгенерированный ИНН: 797566601
Начинаем ClientsPage/fillingClientsForm
Значение поля: CUST-02172
Ввели значение поля Тип клиента
Выбрали значение в select: 1
Заполнили значение: CZ_TS
Заполнили значение: Ceska Lipa
Заполнили значение: 797566601
Всплывающее окно обнаружено
Кнопка ОК идентифицирована
Нажата кнопка ОК
Раскрытие списка
Список раскрыт
Заполнили значение: CUST-02172
Почта найдена
скролл выполнен
Платежи найдены
Выбрали значение в select: 1
Нашёл код условий платежа
кликнул по код условий платежа
нашёл окно
нашёл элемент
Выбрали значение в select: 0
ласт вышел с фрейма, проверка
14:55:01 [main] INFO  com.e2e.OpenContactsOrClientTest - Карточка клиента заполнена
Перешли в фрейм.
Окно найдено.
Видимость кнопки: true
Нажата кнопка ОК.
ласт вышел с фрейма, проверка
]]></system-out>
  </testcase>
  <testcase name="approveClientInSecondWindow" classname="com.e2e.OpenContactsOrClientTest" time="8.929">
    <system-out><![CDATA[14:55:02 [main] INFO  com.e2e.OpenContactsOrClientTest - Открытие второго браузера для подтверждения клиента
14:55:08 [main] INFO  com.e2e.OpenContactsOrClientTest - Вход выполнен от 2 юзера
Начали авторизацию во втором браузере
Переход по URL: http://192.168.1.13:8080/BC210-TEST/?company=Trans_Solutions_CZ&page=654&filter=%27Approval%20Entry%27.Status%20IS%20%271%27&dc=0&bookmark=12%3bxgEAAACH4y4%3d
Текущий URL после перехода: http://192.168.1.13:8080/BC210-TEST/?company=Trans_Solutions_CZ&page=654&filter=%27Approval%20Entry%27.Status%20IS%20%271%27&dc=0&bookmark=12%3bxgEAAACH4y4%3d
Дескриптор окна в AutorisedClients: 0E65DC2E587842A754C1D494EFD148B7
Текущий URL драйвера в AutorisedClients: http://192.168.1.13:8080/BC210-TEST/?company=Trans_Solutions_CZ&page=654&filter=%27Approval%20Entry%27.Status%20IS%20%271%27&dc=0&bookmark=12%3bxgEAAACH4y4%3d
Дескриптор окна в AutorisedClients: 0E65DC2E587842A754C1D494EFD148B7
Начали Поиск имени
Начали Поиск имени 2
CUST-02172
Дескриптор окна в AutorisedClients: 0E65DC2E587842A754C1D494EFD148B7
Клик по элементу с текстом клиента: ILyztWXSCI
Клик по кнопке выполнен.
ласт вышел с фрейма, проверка
14:55:11 [main] INFO  com.e2e.OpenContactsOrClientTest - Переход в т.Запросы утверждения, утверждение нового клиента
]]></system-out>
    <system-err><![CDATA[мар. 20, 2025 2:55:03 PM org.openqa.selenium.devtools.CdpVersionFinder findNearestMatch
WARNING: Unable to find an exact match for CDP version 134, returning the closest version; found: 133; Please update to a Selenium version that supports CDP version 134
]]></system-err>
  </testcase>
  <testcase name="setAndApproveCreditLimit" classname="com.e2e.OpenContactsOrClientTest" time="12.338">
    <system-out><![CDATA[14:55:11 [main] INFO  com.e2e.OpenContactsOrClientTest - Настройка и согласование кредитного лимита
Начинаем AllClients/ClientsOpen
Перешли в фрейм.
Карточка найдена
Клик выполнен
ласт вышел с фрейма, проверка
14:55:11 [main] INFO  com.e2e.OpenContactsOrClientTest - Переход в карточку клиента, установка Кредитного Лимита
Сгенерированный ИНН: 580032333
Начинаем ClientsPage/fillingClientsForm
Заполнили значение: 100000
ласт вышел с фрейма, проверка
Перешли в фрейм.
Окно не найдено
ласт вышел с фрейма, проверка
14:55:23 [main] INFO  com.e2e.OpenContactsOrClientTest - Выход из карточки клиента
]]></system-out>
  </testcase>
  <testcase name="setApproverCd" classname="com.e2e.OpenContactsOrClientTest" time="11.492">
    <system-out><![CDATA[14:55:24 [main] INFO  com.e2e.OpenContactsOrClientTest - Подтверждение КД
Начали авторизацию во втором браузере
Переход по URL: http://192.168.1.13:8080/BC210-TEST/?company=Trans_Solutions_CZ&page=654&filter=%27Approval%20Entry%27.Status%20IS%20%271%27&dc=0&bookmark=12%3bxgEAAACH4y4%3d
Текущий URL после перехода: http://192.168.1.13:8080/BC210-TEST/?company=Trans_Solutions_CZ&page=654&filter=%27Approval%20Entry%27.Status%20IS%20%271%27&dc=0&bookmark=12%3bxgEAAACH4y4%3d
Дескриптор окна в AutorisedClients: 0E65DC2E587842A754C1D494EFD148B7
Текущий URL драйвера в AutorisedClients: http://192.168.1.13:8080/BC210-TEST/?company=Trans_Solutions_CZ&page=654&filter=%27Approval%20Entry%27.Status%20IS%20%271%27&dc=0&bookmark=12%3bxgEAAACHPi8%3d
Дескриптор окна в AutorisedClients: 0E65DC2E587842A754C1D494EFD148B7
Начали Поиск имени
Начали Поиск имени 2
CUST-02172
Дескриптор окна в AutorisedClients: 0E65DC2E587842A754C1D494EFD148B7
Ошибка при клике по имени клиента: Expected condition failed: waiting for visibility of element located by By.xpath: //span[contains(@title, 'CUST-02172')] (tried for 10 second(s) with 500 milliseconds interval)
Build info: version: '4.29.0', revision: '5fc1ec94cb'
System info: os.name: 'Windows 10', os.arch: 'amd64', os.version: '10.0', java.version: '23.0.1'
Driver info: org.openqa.selenium.chrome.ChromeDriver
Capabilities {acceptInsecureCerts: false, browserName: chrome, browserVersion: 134.0.6998.89, chrome: {chromedriverVersion: 134.0.6998.90 (219ee74681fc..., userDataDir: C:\Users\A8712~1.GAL\AppDat...}, fedcm:accounts: true, goog:chromeOptions: {debuggerAddress: localhost:51733}, networkConnectionEnabled: false, pageLoadStrategy: normal, platformName: windows, proxy: Proxy(), se:cdp: ws://localhost:51733/devtoo..., se:cdpVersion: 134.0.6998.89, setWindowRect: true, strictFileInteractability: false, timeouts: {implicit: 0, pageLoad: 300000, script: 30000}, unhandledPromptBehavior: dismiss and notify, webauthn:extension:credBlob: true, webauthn:extension:largeBlob: true, webauthn:extension:minPinLength: true, webauthn:extension:prf: true, webauthn:virtualAuthenticators: true}
Session ID: 6f94cf4257505f301a65c0d9b927af90
Клик по кнопке выполнен.
ласт вышел с фрейма, проверка
14:55:35 [main] INFO  com.e2e.OpenContactsOrClientTest - Подтверждение КД успешно выполнено
]]></system-out>
  </testcase>
  <testcase name="OpenWindow" classname="com.e2e.OpenContactsOrClientTest" time="0.011">
    <system-out><![CDATA[14:55:35 [main] INFO  com.e2e.OpenContactsOrClientTest - Проверка нового кд
]]></system-out>
  </testcase>
</testsuite>