<?xml version="1.0" encoding="UTF-8"?>
<testsuite xmlns:xsi="http://www.w3.org/2001/XMLSchema-instance" xsi:noNamespaceSchemaLocation="https://maven.apache.org/surefire/maven-surefire-plugin/xsd/surefire-test-report-3.0.xsd" version="3.0" name="com.e2e.CreateOrderNewTest" time="38.443" tests="12" errors="0" skipped="5" failures="1">
  <properties>
[...]
</properties>
  <testcase name="login" classname="com.e2e.CreateOrderNewTest" time="1.303">
    <system-out><![CDATA[2025-03-20T14:09:54.526592200Z main INFO Starting configuration XmlConfiguration[location=C:\Project1\TEST1\target\classes\log4j2.xml, lastModified=2025-02-25T13:07:51.582Z]...
2025-03-20T14:09:54.532595Z main INFO Start watching for changes to C:\Project1\TEST1\target\classes\log4j2.xml every 0 seconds
2025-03-20T14:09:54.532595Z main INFO Configuration XmlConfiguration[location=C:\Project1\TEST1\target\classes\log4j2.xml, lastModified=2025-02-25T13:07:51.582Z] started.
2025-03-20T14:09:54.538585700Z main INFO Stopping configuration org.apache.logging.log4j.core.config.DefaultConfiguration@5ab9b447...
2025-03-20T14:09:54.539586700Z main INFO Configuration org.apache.logging.log4j.core.config.DefaultConfiguration@5ab9b447 stopped.
17:09:59 [main] INFO  com.e2e.CreateManyOrdersTest - Браузер запущен и открыт URL
17:10:01 [main] INFO  com.e2e.CreateManyOrdersTest - Успешный вход в систему
]]></system-out>
    <system-err><![CDATA[мар. 20, 2025 5:09:58 PM org.openqa.selenium.devtools.CdpVersionFinder findNearestMatch
WARNING: Unable to find an exact match for CDP version 134, returning the closest version; found: 133; Please update to a Selenium version that supports CDP version 134
]]></system-err>
  </testcase>
  <testcase name="openZayavkaPage" classname="com.e2e.CreateOrderNewTest" time="0.321">
    <system-out><![CDATA[17:10:01 [main] INFO  com.e2e.CreateManyOrdersTest - Открыта страница заявок
]]></system-out>
  </testcase>
  <testcase name="createNewZayavka" classname="com.e2e.CreateOrderNewTest" time="5.986">
    <system-out><![CDATA[ZayavkaPage/CreateNewZayavkaCZ
Перешли в фрейм.
Возвращаемся в основной контент страницы.
Начинаем ZayavkaPage/NewOrderCreate
Перешли в фрейм.
Заполнил ТС групп Код: CZ_TS
Клик для инициализации.
Заполнили отдел: FOOD
Клик для инициализации.
Возвращаемся в основной контент страницы.
17:10:07 [main] INFO  com.e2e.CreateManyOrdersTest - Создана новая заявка
]]></system-out>
  </testcase>
  <testcase name="fillOrderForm" classname="com.e2e.CreateOrderNewTest" time="3.886">
    <system-out><![CDATA[Перешли в фрейм.
Начинаем OrderPage/fillOrderForm
Нашли ид
Заполнили поле: TENT
Заполнили поле: CUST-02079
Выбрали значение в select: 1
Выбрали значение в select: 1
Форма заполнена.
Возвращаемся в основной контент страницы.
17:10:11 [main] INFO  com.e2e.CreateManyOrdersTest - Заполнена форма заказа
]]></system-out>
  </testcase>
  <testcase name="processOrder" classname="com.e2e.CreateOrderNewTest" time="1.313">
    <system-out><![CDATA[Начинаем OrderPage/PerevozkaInFrame
Перешли в фрейм.
Перешли в фрейм.
Клик по первой кнопке внутри фрейма выполнен.
Клик по второй кнопке внутри фрейма выполнен.
Клик по второй кнопке 3 внутри фрейма выполнен.
Возвращаемся в основной контент страницы.
17:10:12 [main] INFO  com.e2e.CreateManyOrdersTest - Обработан заказ: переход в перевозки
]]></system-out>
  </testcase>
  <testcase name="setPlannedDates" classname="com.e2e.CreateOrderNewTest" time="6.792">
    <system-out><![CDATA[Начинаем PageTransp/OpenOrLoadingLocation
Перешли в фрейм.
Нашли поле ввода Код адреса погрузки v111
Нашли поле ввода Код адреса разгрузки
Нашли поле ввода даты загрузки
Нашли поле ввода Даты разгрузки
Начинаем обработку элемента 'Груз'
Нашли кнопку 'Груз'.
Элемент 'Груз' стал видимым.
Прокрутили к элементу 'Груз'.
Клик по элементу 'Груз' выполнен.
Прокрутили страницу вниз с помощью Actions.
Нашли поле ввода Кода товара
Заполнили Код Товара: ITEM-00002
Авторизация
Заполнили плановую локацию загрузки: 57299
Заполнили плановую локацию выгрузки: 76410
Заполнили плановую стартовую дату: 01.02.2025
Заполнили дату выгрузки: 15.02.2025
Заполнили поля
1
НАШЛИ ВЕС ГРУЗА
3
4
Количество груза1
Заполнили вес заказа: 1
Заполнили обьём заказа: 1
Прокрутили контейнер вправо.
5
6
Заполнили значение: -
Заполнили температуру ДО: -
Заполнили значение: -
Заполнили температуру После: -
Возвращаемся в основной контент страницы.
Вышли из iframe.
17:10:19 [main] INFO  com.e2e.CreateManyOrdersTest - Установлены плановые даты перевозки
]]></system-out>
  </testcase>
  <testcase name="orderFull" classname="com.e2e.CreateOrderNewTest" time="11.36">
    <failure message="Expected condition failed: waiting for element to be clickable: By.xpath: //button[@aria-label=&apos;Plan&apos;] (tried for 10 second(s) with 500 milliseconds interval)&#10;Build info: version: &apos;4.29.0&apos;, revision: &apos;5fc1ec94cb&apos;&#10;System info: os.name: &apos;Windows 10&apos;, os.arch: &apos;amd64&apos;, os.version: &apos;10.0&apos;, java.version: &apos;23.0.1&apos;&#10;Driver info: org.openqa.selenium.chrome.ChromeDriver&#10;Capabilities {acceptInsecureCerts: false, browserName: chrome, browserVersion: 134.0.6998.89, chrome: {chromedriverVersion: 134.0.6998.90 (219ee74681fc..., userDataDir: C:\Users\A8712~1.GAL\AppDat...}, fedcm:accounts: true, goog:chromeOptions: {debuggerAddress: localhost:53390}, networkConnectionEnabled: false, pageLoadStrategy: normal, platformName: windows, proxy: Proxy(), se:cdp: ws://localhost:53390/devtoo..., se:cdpVersion: 134.0.6998.89, setWindowRect: true, strictFileInteractability: false, timeouts: {implicit: 0, pageLoad: 300000, script: 30000}, unhandledPromptBehavior: dismiss and notify, webauthn:extension:credBlob: true, webauthn:extension:largeBlob: true, webauthn:extension:minPinLength: true, webauthn:extension:prf: true, webauthn:virtualAuthenticators: true}&#10;Session ID: 041fc658c5b56ef057795637e434f5b5" type="org.openqa.selenium.TimeoutException"><![CDATA[org.openqa.selenium.TimeoutException: 
Expected condition failed: waiting for element to be clickable: By.xpath: //button[@aria-label='Plan'] (tried for 10 second(s) with 500 milliseconds interval)
Build info: version: '4.29.0', revision: '5fc1ec94cb'
System info: os.name: 'Windows 10', os.arch: 'amd64', os.version: '10.0', java.version: '23.0.1'
Driver info: org.openqa.selenium.chrome.ChromeDriver
Capabilities {acceptInsecureCerts: false, browserName: chrome, browserVersion: 134.0.6998.89, chrome: {chromedriverVersion: 134.0.6998.90 (219ee74681fc..., userDataDir: C:\Users\A8712~1.GAL\AppDat...}, fedcm:accounts: true, goog:chromeOptions: {debuggerAddress: localhost:53390}, networkConnectionEnabled: false, pageLoadStrategy: normal, platformName: windows, proxy: Proxy(), se:cdp: ws://localhost:53390/devtoo..., se:cdpVersion: 134.0.6998.89, setWindowRect: true, strictFileInteractability: false, timeouts: {implicit: 0, pageLoad: 300000, script: 30000}, unhandledPromptBehavior: dismiss and notify, webauthn:extension:credBlob: true, webauthn:extension:largeBlob: true, webauthn:extension:minPinLength: true, webauthn:extension:prf: true, webauthn:virtualAuthenticators: true}
Session ID: 041fc658c5b56ef057795637e434f5b5
	at org.openqa.selenium.support.ui.WebDriverWait.timeoutException(WebDriverWait.java:84)
	at org.openqa.selenium.support.ui.FluentWait.until(FluentWait.java:228)
	at com.example.PagesOrder.OrderPage.vehiclePlan(OrderPage.java:107)
	at com.e2e.CreateOrderNewTest.orderFull(CreateOrderNewTest.java:107)
	at java.base/jdk.internal.reflect.DirectMethodHandleAccessor.invoke(DirectMethodHandleAccessor.java:103)
	at java.base/java.lang.reflect.Method.invoke(Method.java:580)
	at org.testng.internal.invokers.MethodInvocationHelper.invokeMethod(MethodInvocationHelper.java:139)
	at org.testng.internal.invokers.TestInvoker.invokeMethod(TestInvoker.java:664)
	at org.testng.internal.invokers.TestInvoker.invokeTestMethod(TestInvoker.java:228)
	at org.testng.internal.invokers.MethodRunner.runInSequence(MethodRunner.java:63)
	at org.testng.internal.invokers.TestInvoker$MethodInvocationAgent.invoke(TestInvoker.java:961)
	at org.testng.internal.invokers.TestInvoker.invokeTestMethods(TestInvoker.java:201)
	at org.testng.internal.invokers.TestMethodWorker.invokeTestMethods(TestMethodWorker.java:148)
	at org.testng.internal.invokers.TestMethodWorker.run(TestMethodWorker.java:128)
	at java.base/java.util.ArrayList.forEach(ArrayList.java:1597)
	at org.testng.TestRunner.privateRun(TestRunner.java:819)
	at org.testng.TestRunner.run(TestRunner.java:619)
	at org.testng.SuiteRunner.runTest(SuiteRunner.java:443)
	at org.testng.SuiteRunner.runSequentially(SuiteRunner.java:437)
	at org.testng.SuiteRunner.privateRun(SuiteRunner.java:397)
	at org.testng.SuiteRunner.run(SuiteRunner.java:336)
	at org.testng.SuiteRunnerWorker.runSuite(SuiteRunnerWorker.java:52)
	at org.testng.SuiteRunnerWorker.run(SuiteRunnerWorker.java:95)
	at org.testng.TestNG.runSuitesSequentially(TestNG.java:1301)
	at org.testng.TestNG.runSuitesLocally(TestNG.java:1228)
	at org.testng.TestNG.runSuites(TestNG.java:1134)
	at org.testng.TestNG.run(TestNG.java:1101)
	at org.apache.maven.surefire.testng.TestNGExecutor.run(TestNGExecutor.java:155)
	at org.apache.maven.surefire.testng.TestNGDirectoryTestSuite.executeSingleClass(TestNGDirectoryTestSuite.java:102)
	at org.apache.maven.surefire.testng.TestNGDirectoryTestSuite.execute(TestNGDirectoryTestSuite.java:91)
	at org.apache.maven.surefire.testng.TestNGProvider.invoke(TestNGProvider.java:137)
	at org.apache.maven.surefire.booter.ForkedBooter.runSuitesInProcess(ForkedBooter.java:385)
	at org.apache.maven.surefire.booter.ForkedBooter.execute(ForkedBooter.java:162)
	at org.apache.maven.surefire.booter.ForkedBooter.run(ForkedBooter.java:507)
	at org.apache.maven.surefire.booter.ForkedBooter.main(ForkedBooter.java:495)
]]></failure>
    <system-out><![CDATA[Начинаем OrderPage/obrabotkaVypustit
Перешли в фрейм.
Перешли в фрейм.
Нашли первую кнопку Обработка.
Нашли Вторую кнопку, Выпустить .
Возвращаемся в основной контент страницы.
Начинаем OrderPage/vehiclePlan
Перешли в фрейм.
Перешли в фрейм.
Нашли первую кнопку Обработка.
]]></system-out>
  </testcase>
  <testcase name="vehiclePlanning" classname="com.e2e.CreateOrderNewTest" time="0.0">
    <skipped message="Method com.e2e.CreateOrderNewTest.vehiclePlanning() on instance com.e2e.CreateOrderNewTest@7f323b3a depends on not successfully finished methods &#10;[com.e2e.CreateOrderNewTest.orderFull() on instance com.e2e.CreateOrderNewTest@7f323b3a]"/>
    <system-out><![CDATA[17:10:31 [main] ERROR com.e2e.CreateManyOrdersTest - Скриншот сохранен: screenshots/orderFull_20250320_171031.png
]]></system-out>
  </testcase>
  <testcase name="goToVehile" classname="com.e2e.CreateOrderNewTest" time="0.0">
    <skipped message="Method com.e2e.CreateOrderNewTest.goToVehile() on instance com.e2e.CreateOrderNewTest@7f323b3a depends on not successfully finished methods &#10;[com.e2e.CreateOrderNewTest.vehiclePlanning() on instance com.e2e.CreateOrderNewTest@7f323b3a]"/>
  </testcase>
  <testcase name="goToServices" classname="com.e2e.CreateOrderNewTest" time="0.0">
    <skipped message="Method com.e2e.CreateOrderNewTest.goToServices() on instance com.e2e.CreateOrderNewTest@7f323b3a depends on not successfully finished methods &#10;[com.e2e.CreateOrderNewTest.goToVehile() on instance com.e2e.CreateOrderNewTest@7f323b3a]"/>
  </testcase>
  <testcase name="processServices" classname="com.e2e.CreateOrderNewTest" time="0.0">
    <skipped message="Method com.e2e.CreateOrderNewTest.processServices() on instance com.e2e.CreateOrderNewTest@7f323b3a depends on not successfully finished methods &#10;[com.e2e.CreateOrderNewTest.goToServices() on instance com.e2e.CreateOrderNewTest@7f323b3a]"/>
  </testcase>
  <testcase name="finalizeInvoice" classname="com.e2e.CreateOrderNewTest" time="0.0">
    <skipped message="Method com.e2e.CreateOrderNewTest.finalizeInvoice() on instance com.e2e.CreateOrderNewTest@7f323b3a depends on not successfully finished methods &#10;[com.e2e.CreateOrderNewTest.processServices() on instance com.e2e.CreateOrderNewTest@7f323b3a]"/>
  </testcase>
</testsuite>