<?xml version="1.0" encoding="UTF-8"?>
<testsuite xmlns:xsi="http://www.w3.org/2001/XMLSchema-instance" xsi:noNamespaceSchemaLocation="https://maven.apache.org/surefire/maven-surefire-plugin/xsd/surefire-test-report-3.0.xsd" version="3.0" name="TestSuite" time="51.378" tests="15" errors="0" skipped="9" failures="3">
  <properties>
[...]
</properties>
  <testcase name="login" classname="com.example.CreateManyOrdersTest" time="0.841">
    <system-err><![CDATA[SLF4J: Failed to load class "org.slf4j.impl.StaticLoggerBinder".
SLF4J: Defaulting to no-operation (NOP) logger implementation
SLF4J: See http://www.slf4j.org/codes.html#StaticLoggerBinder for further details.
февр. 21, 2025 10:46:31 AM org.openqa.selenium.devtools.CdpVersionFinder findNearestMatch
WARNING: Unable to find an exact match for CDP version 133, returning the closest version; found: 129; Please update to a Selenium version that supports CDP version 133
]]></system-err>
  </testcase>
  <testcase name="createOrders" classname="com.example.CreateManyOrdersTest" time="35.228">
    <failure message="element not interactable&#10;  (Session info: chrome=133.0.6943.99)&#10;Build info: version: &apos;4.25.0&apos;, revision: &apos;8a8aea2337&apos;&#10;System info: os.name: &apos;Windows 10&apos;, os.arch: &apos;amd64&apos;, os.version: &apos;10.0&apos;, java.version: &apos;23.0.1&apos;&#10;Driver info: org.openqa.selenium.chrome.ChromeDriver&#10;Command: [53b746e678c0385f5e19079d02921353, clickElement {id=f.D1A970CFC9A884743D13882A800A6FD3.d.329F4B9A3C0FBC24B98CEE998ACE82BD.e.464}]&#10;Capabilities {acceptInsecureCerts: false, browserName: chrome, browserVersion: 133.0.6943.99, chrome: {chromedriverVersion: 133.0.6943.126 (cffa127ce7b..., userDataDir: C:\Users\A8712~1.GAL\AppDat...}, fedcm:accounts: true, goog:chromeOptions: {debuggerAddress: localhost:60784}, networkConnectionEnabled: false, pageLoadStrategy: normal, platformName: windows, proxy: Proxy(), se:cdp: ws://localhost:60784/devtoo..., se:cdpVersion: 133.0.6943.99, setWindowRect: true, strictFileInteractability: false, timeouts: {implicit: 0, pageLoad: 300000, script: 30000}, unhandledPromptBehavior: dismiss and notify, webauthn:extension:credBlob: true, webauthn:extension:largeBlob: true, webauthn:extension:minPinLength: true, webauthn:extension:prf: true, webauthn:virtualAuthenticators: true}&#10;Element: [[ChromeDriver: chrome on windows (53b746e678c0385f5e19079d02921353)] -&gt; xpath: //td[contains(@controlname, &apos;Starting Km&apos;)]//descendant::input[contains(@id, &apos;ee&apos;)]]&#10;Session ID: 53b746e678c0385f5e19079d02921353" type="org.openqa.selenium.ElementNotInteractableException"><![CDATA[org.openqa.selenium.ElementNotInteractableException: 
element not interactable
  (Session info: chrome=133.0.6943.99)
Build info: version: '4.25.0', revision: '8a8aea2337'
System info: os.name: 'Windows 10', os.arch: 'amd64', os.version: '10.0', java.version: '23.0.1'
Driver info: org.openqa.selenium.chrome.ChromeDriver
Command: [53b746e678c0385f5e19079d02921353, clickElement {id=f.D1A970CFC9A884743D13882A800A6FD3.d.329F4B9A3C0FBC24B98CEE998ACE82BD.e.464}]
Capabilities {acceptInsecureCerts: false, browserName: chrome, browserVersion: 133.0.6943.99, chrome: {chromedriverVersion: 133.0.6943.126 (cffa127ce7b..., userDataDir: C:\Users\A8712~1.GAL\AppDat...}, fedcm:accounts: true, goog:chromeOptions: {debuggerAddress: localhost:60784}, networkConnectionEnabled: false, pageLoadStrategy: normal, platformName: windows, proxy: Proxy(), se:cdp: ws://localhost:60784/devtoo..., se:cdpVersion: 133.0.6943.99, setWindowRect: true, strictFileInteractability: false, timeouts: {implicit: 0, pageLoad: 300000, script: 30000}, unhandledPromptBehavior: dismiss and notify, webauthn:extension:credBlob: true, webauthn:extension:largeBlob: true, webauthn:extension:minPinLength: true, webauthn:extension:prf: true, webauthn:virtualAuthenticators: true}
Element: [[ChromeDriver: chrome on windows (53b746e678c0385f5e19079d02921353)] -> xpath: //td[contains(@controlname, 'Starting Km')]//descendant::input[contains(@id, 'ee')]]
Session ID: 53b746e678c0385f5e19079d02921353
	at java.base/jdk.internal.reflect.DirectConstructorHandleAccessor.newInstance(DirectConstructorHandleAccessor.java:62)
	at java.base/java.lang.reflect.Constructor.newInstanceWithCaller(Constructor.java:501)
	at java.base/java.lang.reflect.Constructor.newInstance(Constructor.java:485)
	at org.openqa.selenium.remote.ErrorCodec.decode(ErrorCodec.java:167)
	at org.openqa.selenium.remote.codec.w3c.W3CHttpResponseCodec.decode(W3CHttpResponseCodec.java:138)
	at org.openqa.selenium.remote.codec.w3c.W3CHttpResponseCodec.decode(W3CHttpResponseCodec.java:50)
	at org.openqa.selenium.remote.HttpCommandExecutor.execute(HttpCommandExecutor.java:190)
	at org.openqa.selenium.remote.service.DriverCommandExecutor.invokeExecute(DriverCommandExecutor.java:216)
	at org.openqa.selenium.remote.service.DriverCommandExecutor.execute(DriverCommandExecutor.java:174)
	at org.openqa.selenium.remote.RemoteWebDriver.execute(RemoteWebDriver.java:545)
	at org.openqa.selenium.remote.RemoteWebElement.execute(RemoteWebElement.java:223)
	at org.openqa.selenium.remote.RemoteWebElement.click(RemoteWebElement.java:76)
	at com.example.PagesOrder.VehicleRoute.clickSomeButtonInFrame(VehicleRoute.java:116)
	at com.example.CreateManyOrdersTest.lambda$0(CreateManyOrdersTest.java:83)
	at com.example.CreateManyOrdersTest.performAction(CreateManyOrdersTest.java:103)
	at com.example.CreateManyOrdersTest.createOrder(CreateManyOrdersTest.java:63)
	at com.example.CreateManyOrdersTest.createOrders(CreateManyOrdersTest.java:57)
	at java.base/jdk.internal.reflect.DirectMethodHandleAccessor.invoke(DirectMethodHandleAccessor.java:103)
	at java.base/java.lang.reflect.Method.invoke(Method.java:580)
	at org.testng.internal.invokers.MethodInvocationHelper.invokeMethod(MethodInvocationHelper.java:139)
	at org.testng.internal.invokers.TestInvoker.invokeMethod(TestInvoker.java:664)
	at org.testng.internal.invokers.TestInvoker.invokeTestMethod(TestInvoker.java:228)
	at org.testng.internal.invokers.MethodRunner.runInSequence(MethodRunner.java:63)
	at org.testng.internal.invokers.TestInvoker$MethodInvocationAgent.invoke(TestInvoker.java:961)
	at org.testng.internal.invokers.TestInvoker.invokeTestMethods(TestInvoker.java:201)
	at org.testng.internal.invokers.TestMethodWorker.invokeTestMethods(TestMethodWorker.java:148)
	at org.testng.internal.invokers.TestMethodWorker.run(TestMethodWorker.java:128)
	at java.base/java.util.ArrayList.forEach(ArrayList.java:1597)
	at org.testng.TestRunner.privateRun(TestRunner.java:819)
	at org.testng.TestRunner.run(TestRunner.java:619)
	at org.testng.SuiteRunner.runTest(SuiteRunner.java:443)
	at org.testng.SuiteRunner.runSequentially(SuiteRunner.java:437)
	at org.testng.SuiteRunner.privateRun(SuiteRunner.java:397)
	at org.testng.SuiteRunner.run(SuiteRunner.java:336)
	at org.testng.SuiteRunnerWorker.runSuite(SuiteRunnerWorker.java:52)
	at org.testng.SuiteRunnerWorker.run(SuiteRunnerWorker.java:95)
	at org.testng.TestNG.runSuitesSequentially(TestNG.java:1301)
	at org.testng.TestNG.runSuitesLocally(TestNG.java:1228)
	at org.testng.TestNG.runSuites(TestNG.java:1134)
	at org.testng.TestNG.run(TestNG.java:1101)
	at org.apache.maven.surefire.testng.TestNGExecutor.run(TestNGExecutor.java:155)
	at org.apache.maven.surefire.testng.TestNGDirectoryTestSuite.executeMulti(TestNGDirectoryTestSuite.java:169)
	at org.apache.maven.surefire.testng.TestNGDirectoryTestSuite.execute(TestNGDirectoryTestSuite.java:88)
	at org.apache.maven.surefire.testng.TestNGProvider.invoke(TestNGProvider.java:137)
	at org.apache.maven.surefire.booter.ForkedBooter.runSuitesInProcess(ForkedBooter.java:385)
	at org.apache.maven.surefire.booter.ForkedBooter.execute(ForkedBooter.java:162)
	at org.apache.maven.surefire.booter.ForkedBooter.run(ForkedBooter.java:507)
	at org.apache.maven.surefire.booter.ForkedBooter.main(ForkedBooter.java:495)
]]></failure>
    <system-out><![CDATA[Создание заявки 1
ZayavkaPage/CreateNewZayavkaCZ
Перешли в фрейм.
Возвращаемся в основной контент страницы.
Начинаем ZayavkaPage/NewOrderCreate
Перешли в фрейм.
Заполнил ТС групп Код: CZ_TS
Клик для инициализации.
Заполнили отдел: FOOD
Клик для инициализации.
Возвращаемся в основной контент страницы.
Перешли в фрейм.
Начинаем OrderPage/fillOrderForm
Нашли ид
Заполнили поле: TENT
Заполнили поле: CUST-02079
Выбрали значение в select: 1
Выбрали значение в select: 1
Форма заполнена.
Возвращаемся в основной контент страницы.
Начинаем OrderPage/PerevozkaInFrame IT (Итерация: 0)
Перешли в фрейм.
Перешли в фрейм.
Клик по первой кнопке внутри фрейма выполнен.
Клик по второй кнопке внутри фрейма выполнен.
Клик по второй кнопке 3 внутри фрейма выполнен.
Возвращаемся в основной контент страницы.
Начинаем PageTransp/OpenOrLoadingLocation
Перешли в фрейм.
Нашли поле ввода Код адреса погрузки v111
Нашли поле ввода Код адреса разгрузки
Нашли поле ввода даты загрузки
Нашли поле ввода Даты разгрузки
Начинаем обработку элемента 'Груз' (Итерация: 0)
Нашли кнопку 'Груз'.
Элемент 'Груз' стал видимым.
Прокрутили к элементу 'Груз'.
Клик по элементу 'Груз' выполнен.
Прокрутили страницу вниз с помощью Actions.
Нашли поле ввода Кода товара
Заполнили Код Товара: ITEM-00002
Авторизация
Заполнили плановую локацию загрузки: 57299
Заполнили плановую локацию выгрузки: 76410
Заполнили плановую стартовую дату: 01.02.2025
Заполнили дату выгрузки: 15.02.2025
Заполнили поля
1
НАШЛИ ВЕС ГРУЗА
3
4
Количество груза1
Заполнили вес заказа: 1
Заполнили обьём заказа: 1
Прокрутили контейнер вправо.
5
6
Заполнили значение: -
Заполнили температуру ДО: -
Заполнили значение: -
Заполнили температуру После: -
Возвращаемся в основной контент страницы.
Вышли из iframe.
Начинаем OrderPage/obrabotkaVypustit
Перешли в фрейм.
Перешли в фрейм.
Нашли первую кнопку Обработка.
Нашли Вторую кнопку, Выпустить .
Возвращаемся в основной контент страницы.
Начинаем OrderPage/vehiclePlan
Перешли в фрейм.
Перешли в фрейм.
Нашли первую кнопку Обработка.
Нашли Вторую кнопку План.
Возвращаемся в основной контент страницы.
Начинаем OrderPage/PlanOpen
Перешли в фрейм.
Перешли в фрейм.
Нашли Третью кнопку Ок
Возвращаемся в основной контент страницы.
Начинаем VehiclePlanning/VehiclePlanOpen.
Перешли в фрейм.
Перешли в фрейм.
Нашёл поле для ввода номера тягача.
Заполнили стартовую дату через JavaScript: VEHI-02093
Всплывающее окно обнаружено.
Нажата кнопка 'Подтвердить' во всплывающем окне.
Ошибка при поиске элемента 'Внимание': Expected condition failed: waiting for presence of element located by: By.xpath: //p[contains(@title, 'Внимание! Просрочено плановое ТО')] (tried for 3 second(s) with 500 milliseconds interval)
Нажата кнопка 'ОК'.
Возвращаемся в основной контент страницы.
Начинаем VehicleRoute/clickSomeButtonInFrame.
Перешли в фрейм.
1.
2
Перешли в фрейм.
Заполнили значение: 11.12.2024
Заполнили значение: 1000
Заполнили значение: 10.01.2025
Заполнили значение: 1200
Заполнили значение: 500
Заполнили значение: 233000
Заполнили значение: 243000
]]></system-out>
  </testcase>
  <testcase name="login" classname="com.example.CreateOrderNewTest" time="0.764">
    <system-out><![CDATA[10:47:09.973 [main] ERROR com.example.CreateManyOrdersTest - Скриншот сохранен: screenshots/createOrders_20250221_104709.png
]]></system-out>
    <system-err><![CDATA[февр. 21, 2025 10:47:11 AM org.openqa.selenium.devtools.CdpVersionFinder findNearestMatch
WARNING: Unable to find an exact match for CDP version 133, returning the closest version; found: 129; Please update to a Selenium version that supports CDP version 133
]]></system-err>
  </testcase>
  <testcase name="openZayavkaPage" classname="com.example.CreateOrderNewTest" time="0.072"/>
  <testcase name="createNewZayavka" classname="com.example.CreateOrderNewTest" time="0.551">
    <failure message="invalid session id: session deleted as the browser has closed the connection&#10;from disconnected: not connected to DevTools&#10;  (Session info: chrome=133.0.6943.99)&#10;Build info: version: &apos;4.25.0&apos;, revision: &apos;8a8aea2337&apos;&#10;System info: os.name: &apos;Windows 10&apos;, os.arch: &apos;amd64&apos;, os.version: &apos;10.0&apos;, java.version: &apos;23.0.1&apos;&#10;Driver info: org.openqa.selenium.chrome.ChromeDriver&#10;Command: [43b5a8de0205dba169c6ea4f5a47ad81, findElement {using=class name, value=designer-client-frame}]&#10;Capabilities {acceptInsecureCerts: false, browserName: chrome, browserVersion: 133.0.6943.99, chrome: {chromedriverVersion: 133.0.6943.126 (cffa127ce7b..., userDataDir: C:\Users\A8712~1.GAL\AppDat...}, fedcm:accounts: true, goog:chromeOptions: {debuggerAddress: localhost:60834}, networkConnectionEnabled: false, pageLoadStrategy: normal, platformName: windows, proxy: Proxy(), se:cdp: ws://localhost:60834/devtoo..., se:cdpVersion: 133.0.6943.99, setWindowRect: true, strictFileInteractability: false, timeouts: {implicit: 0, pageLoad: 300000, script: 30000}, unhandledPromptBehavior: dismiss and notify, webauthn:extension:credBlob: true, webauthn:extension:largeBlob: true, webauthn:extension:minPinLength: true, webauthn:extension:prf: true, webauthn:virtualAuthenticators: true}&#10;Session ID: 43b5a8de0205dba169c6ea4f5a47ad81" type="org.openqa.selenium.NoSuchSessionException"><![CDATA[org.openqa.selenium.NoSuchSessionException: 
invalid session id: session deleted as the browser has closed the connection
from disconnected: not connected to DevTools
  (Session info: chrome=133.0.6943.99)
Build info: version: '4.25.0', revision: '8a8aea2337'
System info: os.name: 'Windows 10', os.arch: 'amd64', os.version: '10.0', java.version: '23.0.1'
Driver info: org.openqa.selenium.chrome.ChromeDriver
Command: [43b5a8de0205dba169c6ea4f5a47ad81, findElement {using=class name, value=designer-client-frame}]
Capabilities {acceptInsecureCerts: false, browserName: chrome, browserVersion: 133.0.6943.99, chrome: {chromedriverVersion: 133.0.6943.126 (cffa127ce7b..., userDataDir: C:\Users\A8712~1.GAL\AppDat...}, fedcm:accounts: true, goog:chromeOptions: {debuggerAddress: localhost:60834}, networkConnectionEnabled: false, pageLoadStrategy: normal, platformName: windows, proxy: Proxy(), se:cdp: ws://localhost:60834/devtoo..., se:cdpVersion: 133.0.6943.99, setWindowRect: true, strictFileInteractability: false, timeouts: {implicit: 0, pageLoad: 300000, script: 30000}, unhandledPromptBehavior: dismiss and notify, webauthn:extension:credBlob: true, webauthn:extension:largeBlob: true, webauthn:extension:minPinLength: true, webauthn:extension:prf: true, webauthn:virtualAuthenticators: true}
Session ID: 43b5a8de0205dba169c6ea4f5a47ad81
	at java.base/jdk.internal.reflect.DirectConstructorHandleAccessor.newInstance(DirectConstructorHandleAccessor.java:62)
	at java.base/java.lang.reflect.Constructor.newInstanceWithCaller(Constructor.java:501)
	at java.base/java.lang.reflect.Constructor.newInstance(Constructor.java:485)
	at org.openqa.selenium.remote.ErrorCodec.decode(ErrorCodec.java:167)
	at org.openqa.selenium.remote.codec.w3c.W3CHttpResponseCodec.decode(W3CHttpResponseCodec.java:138)
	at org.openqa.selenium.remote.codec.w3c.W3CHttpResponseCodec.decode(W3CHttpResponseCodec.java:50)
	at org.openqa.selenium.remote.HttpCommandExecutor.execute(HttpCommandExecutor.java:190)
	at org.openqa.selenium.remote.service.DriverCommandExecutor.invokeExecute(DriverCommandExecutor.java:216)
	at org.openqa.selenium.remote.service.DriverCommandExecutor.execute(DriverCommandExecutor.java:174)
	at org.openqa.selenium.remote.RemoteWebDriver.execute(RemoteWebDriver.java:545)
	at org.openqa.selenium.remote.ElementLocation$ElementFinder$2.findElement(ElementLocation.java:165)
	at org.openqa.selenium.remote.ElementLocation.findElement(ElementLocation.java:59)
	at org.openqa.selenium.remote.RemoteWebDriver.findElement(RemoteWebDriver.java:368)
	at org.openqa.selenium.remote.RemoteWebDriver.findElement(RemoteWebDriver.java:362)
	at org.openqa.selenium.support.ui.ExpectedConditions$6.apply(ExpectedConditions.java:171)
	at org.openqa.selenium.support.ui.ExpectedConditions$6.apply(ExpectedConditions.java:168)
	at org.openqa.selenium.support.ui.FluentWait.until(FluentWait.java:203)
	at com.example.PagesOrder.FrameSwitcher.switchToIframe(FrameSwitcher.java:22)
	at com.example.PagesOrder.ZayavkaPage.CreateNewZayavkaCZ(ZayavkaPage.java:101)
	at com.example.CreateOrderNewTest.createNewZayavka(CreateOrderNewTest.java:63)
	at java.base/jdk.internal.reflect.DirectMethodHandleAccessor.invoke(DirectMethodHandleAccessor.java:103)
	at java.base/java.lang.reflect.Method.invoke(Method.java:580)
	at org.testng.internal.invokers.MethodInvocationHelper.invokeMethod(MethodInvocationHelper.java:139)
	at org.testng.internal.invokers.TestInvoker.invokeMethod(TestInvoker.java:664)
	at org.testng.internal.invokers.TestInvoker.invokeTestMethod(TestInvoker.java:228)
	at org.testng.internal.invokers.MethodRunner.runInSequence(MethodRunner.java:63)
	at org.testng.internal.invokers.TestInvoker$MethodInvocationAgent.invoke(TestInvoker.java:961)
	at org.testng.internal.invokers.TestInvoker.invokeTestMethods(TestInvoker.java:201)
	at org.testng.internal.invokers.TestMethodWorker.invokeTestMethods(TestMethodWorker.java:148)
	at org.testng.internal.invokers.TestMethodWorker.run(TestMethodWorker.java:128)
	at java.base/java.util.ArrayList.forEach(ArrayList.java:1597)
	at org.testng.TestRunner.privateRun(TestRunner.java:819)
	at org.testng.TestRunner.run(TestRunner.java:619)
	at org.testng.SuiteRunner.runTest(SuiteRunner.java:443)
	at org.testng.SuiteRunner.runSequentially(SuiteRunner.java:437)
	at org.testng.SuiteRunner.privateRun(SuiteRunner.java:397)
	at org.testng.SuiteRunner.run(SuiteRunner.java:336)
	at org.testng.SuiteRunnerWorker.runSuite(SuiteRunnerWorker.java:52)
	at org.testng.SuiteRunnerWorker.run(SuiteRunnerWorker.java:95)
	at org.testng.TestNG.runSuitesSequentially(TestNG.java:1301)
	at org.testng.TestNG.runSuitesLocally(TestNG.java:1228)
	at org.testng.TestNG.runSuites(TestNG.java:1134)
	at org.testng.TestNG.run(TestNG.java:1101)
	at org.apache.maven.surefire.testng.TestNGExecutor.run(TestNGExecutor.java:155)
	at org.apache.maven.surefire.testng.TestNGDirectoryTestSuite.executeMulti(TestNGDirectoryTestSuite.java:169)
	at org.apache.maven.surefire.testng.TestNGDirectoryTestSuite.execute(TestNGDirectoryTestSuite.java:88)
	at org.apache.maven.surefire.testng.TestNGProvider.invoke(TestNGProvider.java:137)
	at org.apache.maven.surefire.booter.ForkedBooter.runSuitesInProcess(ForkedBooter.java:385)
	at org.apache.maven.surefire.booter.ForkedBooter.execute(ForkedBooter.java:162)
	at org.apache.maven.surefire.booter.ForkedBooter.run(ForkedBooter.java:507)
	at org.apache.maven.surefire.booter.ForkedBooter.main(ForkedBooter.java:495)
]]></failure>
    <system-out><![CDATA[ZayavkaPage/CreateNewZayavkaCZ
]]></system-out>
  </testcase>
  <testcase name="takeScreenshotOnFailure[[TestResult name=createNewZayavka status=FAILURE method=CreateOrderNewTest.createNewZayavka()[pri:3, instance:com.example.CreateOrderNewTest@1807f5a7] output={null}]](0)" classname="com.example.CreateOrderNewTest" time="0.581">
    <failure message="invalid session id&#10;Build info: version: &apos;4.25.0&apos;, revision: &apos;8a8aea2337&apos;&#10;System info: os.name: &apos;Windows 10&apos;, os.arch: &apos;amd64&apos;, os.version: &apos;10.0&apos;, java.version: &apos;23.0.1&apos;&#10;Driver info: org.openqa.selenium.chrome.ChromeDriver&#10;Command: [43b5a8de0205dba169c6ea4f5a47ad81, screenshot {}]&#10;Capabilities {acceptInsecureCerts: false, browserName: chrome, browserVersion: 133.0.6943.99, chrome: {chromedriverVersion: 133.0.6943.126 (cffa127ce7b..., userDataDir: C:\Users\A8712~1.GAL\AppDat...}, fedcm:accounts: true, goog:chromeOptions: {debuggerAddress: localhost:60834}, networkConnectionEnabled: false, pageLoadStrategy: normal, platformName: windows, proxy: Proxy(), se:cdp: ws://localhost:60834/devtoo..., se:cdpVersion: 133.0.6943.99, setWindowRect: true, strictFileInteractability: false, timeouts: {implicit: 0, pageLoad: 300000, script: 30000}, unhandledPromptBehavior: dismiss and notify, webauthn:extension:credBlob: true, webauthn:extension:largeBlob: true, webauthn:extension:minPinLength: true, webauthn:extension:prf: true, webauthn:virtualAuthenticators: true}&#10;Session ID: 43b5a8de0205dba169c6ea4f5a47ad81" type="org.openqa.selenium.NoSuchSessionException"><![CDATA[org.openqa.selenium.NoSuchSessionException: 
invalid session id
Build info: version: '4.25.0', revision: '8a8aea2337'
System info: os.name: 'Windows 10', os.arch: 'amd64', os.version: '10.0', java.version: '23.0.1'
Driver info: org.openqa.selenium.chrome.ChromeDriver
Command: [43b5a8de0205dba169c6ea4f5a47ad81, screenshot {}]
Capabilities {acceptInsecureCerts: false, browserName: chrome, browserVersion: 133.0.6943.99, chrome: {chromedriverVersion: 133.0.6943.126 (cffa127ce7b..., userDataDir: C:\Users\A8712~1.GAL\AppDat...}, fedcm:accounts: true, goog:chromeOptions: {debuggerAddress: localhost:60834}, networkConnectionEnabled: false, pageLoadStrategy: normal, platformName: windows, proxy: Proxy(), se:cdp: ws://localhost:60834/devtoo..., se:cdpVersion: 133.0.6943.99, setWindowRect: true, strictFileInteractability: false, timeouts: {implicit: 0, pageLoad: 300000, script: 30000}, unhandledPromptBehavior: dismiss and notify, webauthn:extension:credBlob: true, webauthn:extension:largeBlob: true, webauthn:extension:minPinLength: true, webauthn:extension:prf: true, webauthn:virtualAuthenticators: true}
Session ID: 43b5a8de0205dba169c6ea4f5a47ad81
	at java.base/jdk.internal.reflect.DirectConstructorHandleAccessor.newInstance(DirectConstructorHandleAccessor.java:62)
	at java.base/java.lang.reflect.Constructor.newInstanceWithCaller(Constructor.java:501)
	at java.base/java.lang.reflect.Constructor.newInstance(Constructor.java:485)
	at org.openqa.selenium.remote.ErrorCodec.decode(ErrorCodec.java:167)
	at org.openqa.selenium.remote.codec.w3c.W3CHttpResponseCodec.decode(W3CHttpResponseCodec.java:138)
	at org.openqa.selenium.remote.codec.w3c.W3CHttpResponseCodec.decode(W3CHttpResponseCodec.java:50)
	at org.openqa.selenium.remote.HttpCommandExecutor.execute(HttpCommandExecutor.java:190)
	at org.openqa.selenium.remote.service.DriverCommandExecutor.invokeExecute(DriverCommandExecutor.java:216)
	at org.openqa.selenium.remote.service.DriverCommandExecutor.execute(DriverCommandExecutor.java:174)
	at org.openqa.selenium.remote.RemoteWebDriver.execute(RemoteWebDriver.java:545)
	at org.openqa.selenium.remote.RemoteWebDriver.execute(RemoteWebDriver.java:618)
	at org.openqa.selenium.remote.RemoteWebDriver.execute(RemoteWebDriver.java:622)
	at org.openqa.selenium.remote.RemoteWebDriver.getScreenshotAs(RemoteWebDriver.java:334)
	at com.example.CreateOrderNewTest.takeScreenshot(CreateOrderNewTest.java:146)
	at com.example.CreateOrderNewTest.takeScreenshotOnFailure(CreateOrderNewTest.java:141)
	at java.base/jdk.internal.reflect.DirectMethodHandleAccessor.invoke(DirectMethodHandleAccessor.java:103)
	at java.base/java.lang.reflect.Method.invoke(Method.java:580)
	at org.testng.internal.invokers.MethodInvocationHelper.invokeMethod(MethodInvocationHelper.java:139)
	at org.testng.internal.invokers.MethodInvocationHelper.invokeMethodConsideringTimeout(MethodInvocationHelper.java:69)
	at org.testng.internal.invokers.ConfigInvoker.invokeConfigurationMethod(ConfigInvoker.java:393)
	at org.testng.internal.invokers.ConfigInvoker.invokeConfigurations(ConfigInvoker.java:326)
	at org.testng.internal.invokers.TestInvoker.runConfigMethods(TestInvoker.java:810)
	at org.testng.internal.invokers.TestInvoker.runAfterConfigurations(TestInvoker.java:779)
	at org.testng.internal.invokers.TestInvoker.invokeMethod(TestInvoker.java:755)
	at org.testng.internal.invokers.TestInvoker.invokeTestMethod(TestInvoker.java:228)
	at org.testng.internal.invokers.MethodRunner.runInSequence(MethodRunner.java:63)
	at org.testng.internal.invokers.TestInvoker$MethodInvocationAgent.invoke(TestInvoker.java:961)
	at org.testng.internal.invokers.TestInvoker.invokeTestMethods(TestInvoker.java:201)
	at org.testng.internal.invokers.TestMethodWorker.invokeTestMethods(TestMethodWorker.java:148)
	at org.testng.internal.invokers.TestMethodWorker.run(TestMethodWorker.java:128)
	at java.base/java.util.ArrayList.forEach(ArrayList.java:1597)
	at org.testng.TestRunner.privateRun(TestRunner.java:819)
	at org.testng.TestRunner.run(TestRunner.java:619)
	at org.testng.SuiteRunner.runTest(SuiteRunner.java:443)
	at org.testng.SuiteRunner.runSequentially(SuiteRunner.java:437)
	at org.testng.SuiteRunner.privateRun(SuiteRunner.java:397)
	at org.testng.SuiteRunner.run(SuiteRunner.java:336)
	at org.testng.SuiteRunnerWorker.runSuite(SuiteRunnerWorker.java:52)
	at org.testng.SuiteRunnerWorker.run(SuiteRunnerWorker.java:95)
	at org.testng.TestNG.runSuitesSequentially(TestNG.java:1301)
	at org.testng.TestNG.runSuitesLocally(TestNG.java:1228)
	at org.testng.TestNG.runSuites(TestNG.java:1134)
	at org.testng.TestNG.run(TestNG.java:1101)
	at org.apache.maven.surefire.testng.TestNGExecutor.run(TestNGExecutor.java:155)
	at org.apache.maven.surefire.testng.TestNGDirectoryTestSuite.executeMulti(TestNGDirectoryTestSuite.java:169)
	at org.apache.maven.surefire.testng.TestNGDirectoryTestSuite.execute(TestNGDirectoryTestSuite.java:88)
	at org.apache.maven.surefire.testng.TestNGProvider.invoke(TestNGProvider.java:137)
	at org.apache.maven.surefire.booter.ForkedBooter.runSuitesInProcess(ForkedBooter.java:385)
	at org.apache.maven.surefire.booter.ForkedBooter.execute(ForkedBooter.java:162)
	at org.apache.maven.surefire.booter.ForkedBooter.run(ForkedBooter.java:507)
	at org.apache.maven.surefire.booter.ForkedBooter.main(ForkedBooter.java:495)
]]></failure>
  </testcase>
  <testcase name="fillOrderForm" classname="com.example.CreateOrderNewTest" time="0.0">
    <skipped message="Method com.example.CreateOrderNewTest.fillOrderForm() on instance com.example.CreateOrderNewTest@1807f5a7 depends on not successfully finished methods &#10;[com.example.CreateOrderNewTest.createNewZayavka() on instance com.example.CreateOrderNewTest@1807f5a7]"/>
  </testcase>
  <testcase name="processOrder" classname="com.example.CreateOrderNewTest" time="0.0">
    <skipped message="Method com.example.CreateOrderNewTest.processOrder() on instance com.example.CreateOrderNewTest@1807f5a7 depends on not successfully finished methods &#10;[com.example.CreateOrderNewTest.fillOrderForm() on instance com.example.CreateOrderNewTest@1807f5a7]"/>
  </testcase>
  <testcase name="setPlannedDates" classname="com.example.CreateOrderNewTest" time="0.0">
    <skipped message="Method com.example.CreateOrderNewTest.setPlannedDates() on instance com.example.CreateOrderNewTest@1807f5a7 depends on not successfully finished methods &#10;[com.example.CreateOrderNewTest.processOrder() on instance com.example.CreateOrderNewTest@1807f5a7]"/>
  </testcase>
  <testcase name="orderFull" classname="com.example.CreateOrderNewTest" time="0.0">
    <skipped message="Method com.example.CreateOrderNewTest.orderFull() on instance com.example.CreateOrderNewTest@1807f5a7 depends on not successfully finished methods &#10;[com.example.CreateOrderNewTest.setPlannedDates() on instance com.example.CreateOrderNewTest@1807f5a7]"/>
  </testcase>
  <testcase name="vehiclePlanning" classname="com.example.CreateOrderNewTest" time="0.0">
    <skipped message="Method com.example.CreateOrderNewTest.vehiclePlanning() on instance com.example.CreateOrderNewTest@1807f5a7 depends on not successfully finished methods &#10;[com.example.CreateOrderNewTest.orderFull() on instance com.example.CreateOrderNewTest@1807f5a7]"/>
  </testcase>
  <testcase name="goToVehile" classname="com.example.CreateOrderNewTest" time="0.0">
    <skipped message="Method com.example.CreateOrderNewTest.goToVehile() on instance com.example.CreateOrderNewTest@1807f5a7 depends on not successfully finished methods &#10;[com.example.CreateOrderNewTest.vehiclePlanning() on instance com.example.CreateOrderNewTest@1807f5a7]"/>
  </testcase>
  <testcase name="goToServices" classname="com.example.CreateOrderNewTest" time="0.0">
    <skipped message="Method com.example.CreateOrderNewTest.goToServices() on instance com.example.CreateOrderNewTest@1807f5a7 depends on not successfully finished methods &#10;[com.example.CreateOrderNewTest.goToVehile() on instance com.example.CreateOrderNewTest@1807f5a7]"/>
  </testcase>
  <testcase name="processServices" classname="com.example.CreateOrderNewTest" time="0.0">
    <skipped message="Method com.example.CreateOrderNewTest.processServices() on instance com.example.CreateOrderNewTest@1807f5a7 depends on not successfully finished methods &#10;[com.example.CreateOrderNewTest.goToServices() on instance com.example.CreateOrderNewTest@1807f5a7]"/>
  </testcase>
  <testcase name="finalizeInvoice" classname="com.example.CreateOrderNewTest" time="0.0">
    <skipped message="Method com.example.CreateOrderNewTest.finalizeInvoice() on instance com.example.CreateOrderNewTest@1807f5a7 depends on not successfully finished methods &#10;[com.example.CreateOrderNewTest.processServices() on instance com.example.CreateOrderNewTest@1807f5a7]"/>
  </testcase>
</testsuite>